<?xml version="1.0" encoding="UTF-8"?>
<Site BuildName="Linux-clang++"
	BuildStamp="20240415-0903-Experimental"
	Name="codespaces-260ee5"
	Generator="ctest-3.16.3"
	CompilerName="/usr/bin/clang++"
	CompilerVersion="10.0.0"
	OSName="Linux"
	Hostname="codespaces-260ee5"
	OSRelease="6.2.0-1019-azure"
	OSVersion="#19~22.04.1-Ubuntu SMP Wed Jan 10 22:57:03 UTC 2024"
	OSPlatform="x86_64"
	Is64Bits="1"
	VendorString="AuthenticAMD"
	VendorID="Advanced Micro Devices"
	FamilyID="25"
	ModelID="1"
	ProcessorCacheSize="512"
	NumberOfLogicalCPU="2"
	NumberOfPhysicalCPU="1"
	TotalVirtualMemory="0"
	TotalPhysicalMemory="7929"
	LogicalProcessorsPerPhysical="2"
	ProcessorClockFrequency="3244.14"
	>
	<Testing>
		<StartDateTime>Apr 15 09:06 UTC</StartDateTime>
		<StartTestTime>1713172017</StartTestTime>
		<TestList/>
		<EndDateTime>Apr 15 09:06 UTC</EndDateTime>
		<EndTestTime>1713172017</EndTestTime>
		<ElapsedMinutes>0</ElapsedMinutes>
	</Testing>
</Site>
